<?xml version="1.0" encoding="UTF-8"?>
<!-- Generated by org.testng.reporters.JUnitXMLReporter -->
<testsuite ignored="0" hostname="WINDOWS-94KVB2I" failures="0" tests="6" name="Surefire test" time="0.081" errors="0" timestamp="10 Jun 2018 19:20:50 GMT">
  <testcase classname="Communications.AppiumTest" name="Appium1" time="0.013"/>
  <testcase classname="Communications.AppiumTest" name="Appium2" time="0.001"/>
  <testcase classname="Communications.RestAPITest" name="RestAPI1" time="0.003"/>
  <testcase classname="Communications.RestAPITest" name="RestAPI2" time="0.001"/>
  <testcase classname="Communications.SeleniumTest" name="Selenium1" time="0.0"/>
  <testcase classname="Communications.SeleniumTest" name="Selenium2" time="0.001"/>
</testsuite> <!-- Surefire test -->
