<?xml version="1.0" encoding="UTF-8"?>
<testng-results ignored="0" total="6" passed="6" failed="0" skipped="0">
  <reporter-output>
  </reporter-output>
  <suite started-at="2018-06-10T19:20:49Z" name="Surefire suite" finished-at="2018-06-10T19:20:49Z" duration-ms="81">
    <groups>
    </groups>
    <test started-at="2018-06-10T19:20:49Z" name="Surefire test" finished-at="2018-06-10T19:20:49Z" duration-ms="81">
      <class name="Communications.RestAPITest">
        <test-method signature="RestAPI1()[pri:0, instance:Communications.RestAPITest@6973b51b]" started-at="2018-06-10T19:20:49Z" name="RestAPI1" finished-at="2018-06-10T19:20:49Z" duration-ms="3" status="PASS">
          <reporter-output>
          </reporter-output>
        </test-method> <!-- RestAPI1 -->
        <test-method signature="RestAPI2()[pri:0, instance:Communications.RestAPITest@6973b51b]" started-at="2018-06-10T19:20:49Z" name="RestAPI2" finished-at="2018-06-10T19:20:49Z" duration-ms="1" status="PASS">
          <reporter-output>
          </reporter-output>
        </test-method> <!-- RestAPI2 -->
      </class> <!-- Communications.RestAPITest -->
      <class name="Communications.AppiumTest">
        <test-method signature="Appium1()[pri:0, instance:Communications.AppiumTest@1afd44cb]" started-at="2018-06-10T19:20:49Z" name="Appium1" finished-at="2018-06-10T19:20:49Z" duration-ms="13" status="PASS">
          <reporter-output>
          </reporter-output>
        </test-method> <!-- Appium1 -->
        <test-method signature="Appium2()[pri:0, instance:Communications.AppiumTest@1afd44cb]" started-at="2018-06-10T19:20:49Z" name="Appium2" finished-at="2018-06-10T19:20:49Z" duration-ms="1" status="PASS">
          <reporter-output>
          </reporter-output>
        </test-method> <!-- Appium2 -->
      </class> <!-- Communications.AppiumTest -->
      <class name="Communications.SeleniumTest">
        <test-method signature="Selenium1()[pri:0, instance:Communications.SeleniumTest@1ab3a8c8]" started-at="2018-06-10T19:20:49Z" name="Selenium1" finished-at="2018-06-10T19:20:49Z" duration-ms="0" status="PASS">
          <reporter-output>
          </reporter-output>
        </test-method> <!-- Selenium1 -->
        <test-method signature="Selenium2()[pri:0, instance:Communications.SeleniumTest@1ab3a8c8]" started-at="2018-06-10T19:20:49Z" name="Selenium2" finished-at="2018-06-10T19:20:49Z" duration-ms="1" status="PASS">
          <reporter-output>
          </reporter-output>
        </test-method> <!-- Selenium2 -->
      </class> <!-- Communications.SeleniumTest -->
    </test> <!-- Surefire test -->
  </suite> <!-- Surefire suite -->
</testng-results>
