<?xml version="1.0" encoding="UTF-8"?>
<testsuite xmlns:xsi="http://www.w3.org/2001/XMLSchema-instance" xsi:noNamespaceSchemaLocation="https://maven.apache.org/surefire/maven-surefire-plugin/xsd/surefire-test-report.xsd" name="TestSuite" time="1.155" tests="6" errors="0" skipped="0" failures="0">
  <properties>
[...]
</properties>
  <testcase name="Appium1" classname="Communications.AppiumTest" time="0.015"/>
  <testcase name="Appium2" classname="Communications.AppiumTest" time="0"/>
  <testcase name="RestAPI1" classname="Communications.RestAPITest" time="0.002"/>
  <testcase name="RestAPI2" classname="Communications.RestAPITest" time="0.001"/>
  <testcase name="Selenium1" classname="Communications.SeleniumTest" time="0"/>
  <testcase name="Selenium2" classname="Communications.SeleniumTest" time="0"/>
</testsuite>